<?xml version="1.0" encoding="UTF-8"?>
<testng-results ignored="0" total="2" passed="2" failed="0" skipped="0">
  <reporter-output>
  </reporter-output>
  <suite started-at="2024-07-22T15:22:37 IST" name="Default suite" finished-at="2024-07-22T15:22:58 IST" duration-ms="20637">
    <groups>
    </groups>
    <test started-at="2024-07-22T15:22:37 IST" name="Default test" finished-at="2024-07-22T15:22:58 IST" duration-ms="20637">
      <class name="tests.JurisdictionOnboardingTest">
        <test-method signature="testInitiateAuth()[pri:0, instance:tests.JurisdictionOnboardingTest@71ba6d4e]" started-at="2024-07-22T15:22:38 IST" name="testInitiateAuth" finished-at="2024-07-22T15:22:47 IST" duration-ms="8965" status="PASS">
          <reporter-output>
          </reporter-output>
        </test-method> <!-- testInitiateAuth -->
        <test-method signature="testAddOnboardingJurisdiction()[pri:1, instance:tests.JurisdictionOnboardingTest@71ba6d4e]" started-at="2024-07-22T15:22:47 IST" name="testAddOnboardingJurisdiction" finished-at="2024-07-22T15:22:58 IST" duration-ms="11567" status="PASS">
          <reporter-output>
          </reporter-output>
        </test-method> <!-- testAddOnboardingJurisdiction -->
      </class> <!-- tests.JurisdictionOnboardingTest -->
    </test> <!-- Default test -->
  </suite> <!-- Default suite -->
</testng-results>
